2017-04-03 22:10:14,811 ERROR [Worker-3] - System.err - log4j:WARN No appenders could be found for logger (com.gradleware.tooling.toolingutils.distribution.PublishedGradleVersions).
2017-04-03 22:10:14,812 ERROR [Worker-3] - System.err - log4j:WARN Please initialize the log4j system properly.
2017-04-04 10:27:34,298 ERROR [Worker-3] - System.err - log4j:WARN No appenders could be found for logger (com.gradleware.tooling.toolingutils.distribution.PublishedGradleVersions).
2017-04-04 10:27:34,302 ERROR [Worker-3] - System.err - log4j:WARN Please initialize the log4j system properly.
2017-04-04 13:30:34,187  WARN [main] - ScalaProject - Project sample has platform default sourceLevel.
2017-04-04 13:30:34,189  WARN [main] - ScalaProject - Project sample runs on platform default installation.
2017-04-04 13:30:35,153  WARN [main] - ScalaProject - Project sample has platform default sourceLevel.
2017-04-04 13:30:35,153  WARN [main] - ScalaProject - Project sample runs on platform default installation.
2017-04-04 13:32:15,846  WARN [main] - org.scala-ide.sdt.core - org.scala-ide.sdt.core - org.scala-ide.sdt.core - 0 - Preference scala.compiler.sourceLevel was uninitialized for sample, setting default to 2.11.
2017-04-04 21:19:19,017 ERROR [Worker-3] - System.err - log4j:WARN No appenders could be found for logger (com.gradleware.tooling.toolingutils.distribution.PublishedGradleVersions).
2017-04-04 21:19:19,019 ERROR [Worker-3] - System.err - log4j:WARN Please initialize the log4j system properly.
2017-04-04 21:36:40,720 ERROR [org.scalaide.ui.internal.reconciliation.ScalaReconciler] - System.err - Exception in thread "org.scalaide.ui.internal.reconciliation.ScalaReconciler"
2017-04-04 21:36:40,736 ERROR [org.scalaide.ui.internal.reconciliation.ScalaReconciler] - System.err - java.lang.NullPointerException
2017-04-04 21:36:40,737 ERROR [org.scalaide.ui.internal.reconciliation.ScalaReconciler] - System.err - at org.scalaide.ui.internal.editor.outline.ScalaOutlineReconcilingStrategy.reconcile(ScalaOutlineReconcilingStrategy.scala:26)
2017-04-04 21:36:40,737 ERROR [org.scalaide.ui.internal.reconciliation.ScalaReconciler] - System.err - at org.eclipse.jdt.internal.ui.text.CompositeReconcilingStrategy.reconcile(CompositeReconcilingStrategy.java:89)
2017-04-04 21:36:40,737 ERROR [org.scalaide.ui.internal.reconciliation.ScalaReconciler] - System.err - at org.eclipse.jface.text.reconciler.MonoReconciler.process(MonoReconciler.java:73)
2017-04-04 21:36:40,737 ERROR [org.scalaide.ui.internal.reconciliation.ScalaReconciler] - System.err - at org.eclipse.jface.text.reconciler.AbstractReconciler$BackgroundThread.run(AbstractReconciler.java:207)
2017-04-04 21:36:40,987 ERROR [main] - org.scala-ide.sdt.core - org.scala-ide.sdt.core - org.scala-ide.sdt.core - 0 - scala.reflect.internal.FatalError: package scala does not have a member Int
2017-04-04 21:36:41,112 ERROR [main] - org.scala-ide.sdt.core - org.scala-ide.sdt.core - org.scala-ide.sdt.core - 0 - scala.reflect.internal.FatalError: package scala does not have a member Int
2017-04-04 21:36:41,206 ERROR [main] - org.scala-ide.sdt.core - org.scala-ide.sdt.core - org.scala-ide.sdt.core - 0 - scala.reflect.internal.FatalError: package scala does not have a member Int
2017-04-04 21:36:41,284 ERROR [main] - org.scala-ide.sdt.core - org.scala-ide.sdt.core - org.scala-ide.sdt.core - 0 - scala.reflect.internal.FatalError: package scala does not have a member Int
2017-04-04 21:37:25,628  WARN [main] - ScalaProject - Project DEV has platform default sourceLevel.
2017-04-04 21:37:25,629  WARN [main] - ScalaProject - Project DEV runs on platform default installation.
2017-04-04 21:37:25,748  WARN [main] - ScalaProject - Project DEV has platform default sourceLevel.
2017-04-04 21:37:25,748  WARN [main] - ScalaProject - Project DEV runs on platform default installation.
2017-04-04 21:37:25,937  WARN [Worker-28] - ScalaProject - Project DEV has platform default sourceLevel.
2017-04-04 21:37:25,937  WARN [Worker-28] - ScalaProject - Project DEV runs on platform default installation.
2017-04-04 21:37:45,693  WARN [Worker-28] - ScalaProject - Project DEV has platform default sourceLevel.
2017-04-04 21:37:45,695  WARN [Worker-28] - ScalaProject - Project DEV runs on platform default installation.
2017-04-04 21:39:57,059  WARN [Worker-12] - ScalaProject - Project DEV has platform default sourceLevel.
2017-04-04 21:39:57,062  WARN [Worker-12] - ScalaProject - Project DEV runs on platform default installation.
2017-04-04 21:40:15,415  WARN [main] - org.scala-ide.sdt.core - org.scala-ide.sdt.core - org.scala-ide.sdt.core - 0 - Preference scala.compiler.sourceLevel was uninitialized for DEV, setting default to 2.11.
2017-04-04 21:45:52,650 ERROR [Text Viewer Hover Presenter] - IScalaPresentationCompiler$ - Ignoring InterruptException
2017-04-04 21:45:52,653 ERROR [Text Viewer Hover Presenter] - IScalaPresentationCompiler$ - Ignoring InterruptException
2017-04-04 21:45:52,653 ERROR [Text Viewer Hover Presenter] - IScalaPresentationCompiler$ - Ignoring InterruptException
2017-04-04 21:46:32,417  WARN [org.scalaide.ui.internal.reconciliation.ScalaReconciler] - CallByNameParamAtCreationPresenter - Timeout while waiting for `askLoadedTyped` during semantic highlighting.
2017-04-04 21:50:27,419 ERROR [Text Viewer Hover Presenter] - IScalaPresentationCompiler$ - Ignoring InterruptException
2017-04-04 21:50:27,421 ERROR [Text Viewer Hover Presenter] - IScalaPresentationCompiler$ - Ignoring InterruptException
2017-04-04 21:50:27,421 ERROR [Text Viewer Hover Presenter] - IScalaPresentationCompiler$ - Ignoring InterruptException
2017-04-04 21:51:03,389  WARN [org.scalaide.ui.internal.reconciliation.ScalaReconciler] - TraverserImpl$ - Skipping annotation, position length = 0, position offset = 1096
2017-04-04 21:51:08,426  WARN [org.scalaide.ui.internal.reconciliation.ScalaReconciler] - TraverserImpl$ - Skipping annotation, position length = 0, position offset = 1096
2017-04-04 21:51:09,947  WARN [org.scalaide.ui.internal.reconciliation.ScalaReconciler] - TraverserImpl$ - Skipping annotation, position length = 0, position offset = 1096
2017-04-04 21:51:11,468  WARN [org.scalaide.ui.internal.reconciliation.ScalaReconciler] - TraverserImpl$ - Skipping annotation, position length = 0, position offset = 1096
2017-04-04 21:56:55,232 ERROR [Text Viewer Hover Presenter] - IScalaPresentationCompiler$ - Ignoring InterruptException
2017-04-04 21:56:55,236 ERROR [Text Viewer Hover Presenter] - IScalaPresentationCompiler$ - Ignoring InterruptException
2017-04-04 21:56:55,236 ERROR [Text Viewer Hover Presenter] - IScalaPresentationCompiler$ - Ignoring InterruptException
2017-04-05 13:18:13,093  WARN [org.scalaide.ui.internal.reconciliation.ScalaReconciler] - ImplicitHighlightingPresenter - Timeout while waiting for `askLoadedTyped` during semantic highlighting.
2017-04-05 13:18:13,298  WARN [org.scalaide.ui.internal.reconciliation.ScalaReconciler] - CustomSemanticAction - Timeout while waiting for `askLoadedTyped` during semantic highlighting.
2017-04-05 13:19:34,469  WARN [org.scalaide.ui.internal.reconciliation.ScalaReconciler] - CallByNameParamAtCreationPresenter - Timeout while waiting for `askLoadedTyped` during semantic highlighting.
2017-04-05 21:00:18,458 ERROR [Text Viewer Hover Presenter] - IScalaPresentationCompiler$ - Ignoring InterruptException
2017-04-05 21:00:18,460 ERROR [Text Viewer Hover Presenter] - IScalaPresentationCompiler$ - Ignoring InterruptException
2017-04-05 21:00:18,460 ERROR [Text Viewer Hover Presenter] - IScalaPresentationCompiler$ - Ignoring InterruptException
2017-04-05 21:10:24,054 ERROR [Text Viewer Hover Presenter] - IScalaPresentationCompiler$ - Ignoring InterruptException
2017-04-05 21:10:24,056 ERROR [Text Viewer Hover Presenter] - IScalaPresentationCompiler$ - Ignoring InterruptException
2017-04-05 21:10:24,056 ERROR [Text Viewer Hover Presenter] - IScalaPresentationCompiler$ - Ignoring InterruptException
2017-04-05 23:03:02,758  WARN [org.scalaide.ui.internal.reconciliation.ScalaReconciler] - ImplicitHighlightingPresenter - Timeout while waiting for `askLoadedTyped` during semantic highlighting.
2017-04-05 23:15:08,324  WARN [org.scalaide.ui.internal.reconciliation.ScalaReconciler] - ImplicitHighlightingPresenter - Timeout while waiting for `askLoadedTyped` during semantic highlighting.
2017-04-05 23:15:08,324  WARN [org.scalaide.ui.internal.reconciliation.ScalaReconciler] - ImplicitHighlightingPresenter - Timeout while waiting for `askLoadedTyped` during semantic highlighting.
2017-04-05 23:15:08,545  WARN [org.scalaide.ui.internal.reconciliation.ScalaReconciler] - CustomSemanticAction - Timeout while waiting for `askLoadedTyped` during semantic highlighting.
2017-04-05 23:15:08,549  WARN [org.scalaide.ui.internal.reconciliation.ScalaReconciler] - CustomSemanticAction - Timeout while waiting for `askLoadedTyped` during semantic highlighting.
2017-04-05 23:15:08,746  WARN [org.scalaide.ui.internal.reconciliation.ScalaReconciler] - CallByNameParamAtCreationPresenter - Timeout while waiting for `askLoadedTyped` during semantic highlighting.
2017-04-06 22:50:37,089 ERROR [Text Viewer Hover Presenter] - IScalaPresentationCompiler$ - Ignoring InterruptException
2017-04-06 22:50:37,090 ERROR [Text Viewer Hover Presenter] - IScalaPresentationCompiler$ - Ignoring InterruptException
2017-04-06 22:50:37,091 ERROR [Text Viewer Hover Presenter] - IScalaPresentationCompiler$ - Ignoring InterruptException
2017-04-06 23:40:29,422  WARN [org.scalaide.ui.internal.reconciliation.ScalaReconciler] - ImplicitHighlightingPresenter - Timeout while waiting for `askLoadedTyped` during semantic highlighting.
2017-04-06 23:40:29,695  WARN [org.scalaide.ui.internal.reconciliation.ScalaReconciler] - CustomSemanticAction - Timeout while waiting for `askLoadedTyped` during semantic highlighting.
2017-04-06 23:40:29,899  WARN [org.scalaide.ui.internal.reconciliation.ScalaReconciler] - CallByNameParamAtCreationPresenter - Timeout while waiting for `askLoadedTyped` during semantic highlighting.
2017-04-06 23:40:31,452  WARN [org.scalaide.ui.internal.reconciliation.ScalaReconciler] - CallByNameParamAtCreationPresenter - Timeout while waiting for `askLoadedTyped` during semantic highlighting.
2017-04-06 23:47:28,696 ERROR [Text Viewer Hover Presenter] - IScalaPresentationCompiler$ - Ignoring InterruptException
2017-04-06 23:47:28,696 ERROR [Text Viewer Hover Presenter] - IScalaPresentationCompiler$ - Ignoring InterruptException
2017-04-06 23:47:28,697 ERROR [Text Viewer Hover Presenter] - IScalaPresentationCompiler$ - Ignoring InterruptException
2017-04-06 23:48:47,646 ERROR [Text Viewer Hover Presenter] - IScalaPresentationCompiler$ - Ignoring InterruptException
2017-04-06 23:48:47,648 ERROR [Text Viewer Hover Presenter] - IScalaPresentationCompiler$ - Ignoring InterruptException
2017-04-06 23:48:47,648 ERROR [Text Viewer Hover Presenter] - IScalaPresentationCompiler$ - Ignoring InterruptException
2017-04-06 23:56:30,569 ERROR [Text Viewer Hover Presenter] - IScalaPresentationCompiler$ - Ignoring InterruptException
2017-04-06 23:56:30,571 ERROR [Text Viewer Hover Presenter] - IScalaPresentationCompiler$ - Ignoring InterruptException
2017-04-06 23:56:30,571 ERROR [Text Viewer Hover Presenter] - IScalaPresentationCompiler$ - Ignoring InterruptException
2017-04-07 00:16:48,516 ERROR [Text Viewer Hover Presenter] - IScalaPresentationCompiler$ - Ignoring InterruptException
2017-04-07 00:16:48,516 ERROR [Text Viewer Hover Presenter] - IScalaPresentationCompiler$ - Ignoring InterruptException
2017-04-07 00:16:48,517 ERROR [Text Viewer Hover Presenter] - IScalaPresentationCompiler$ - Ignoring InterruptException
2017-04-07 00:19:28,480 ERROR [Text Viewer Hover Presenter] - IScalaPresentationCompiler$ - Ignoring InterruptException
2017-04-07 00:19:28,482 ERROR [Text Viewer Hover Presenter] - IScalaPresentationCompiler$ - Ignoring InterruptException
2017-04-07 00:19:28,482 ERROR [Text Viewer Hover Presenter] - IScalaPresentationCompiler$ - Ignoring InterruptException
2017-04-07 00:21:45,658 ERROR [Text Viewer Hover Presenter] - IScalaPresentationCompiler$ - Ignoring InterruptException
2017-04-07 00:21:45,659 ERROR [Text Viewer Hover Presenter] - IScalaPresentationCompiler$ - Ignoring InterruptException
2017-04-07 00:21:45,659 ERROR [Text Viewer Hover Presenter] - IScalaPresentationCompiler$ - Ignoring InterruptException
2017-04-07 00:33:48,079 ERROR [Text Viewer Hover Presenter] - IScalaPresentationCompiler$ - Ignoring InterruptException
2017-04-07 00:33:48,081 ERROR [Text Viewer Hover Presenter] - IScalaPresentationCompiler$ - Ignoring InterruptException
2017-04-07 00:33:48,081 ERROR [Text Viewer Hover Presenter] - IScalaPresentationCompiler$ - Ignoring InterruptException
2017-04-13 13:50:18,462 ERROR [Text Viewer Hover Presenter] - IScalaPresentationCompiler$ - Ignoring InterruptException
2017-04-13 13:50:18,733 ERROR [Text Viewer Hover Presenter] - IScalaPresentationCompiler$ - Ignoring InterruptException
2017-04-13 13:50:18,733 ERROR [Text Viewer Hover Presenter] - IScalaPresentationCompiler$ - Ignoring InterruptException
2017-04-13 13:50:18,733 ERROR [Text Viewer Hover Presenter] - IScalaPresentationCompiler$ - Ignoring InterruptException
2017-04-14 15:59:39,050 ERROR [Text Viewer Hover Presenter] - IScalaPresentationCompiler$ - Ignoring InterruptException
2017-04-14 15:59:39,054 ERROR [Text Viewer Hover Presenter] - IScalaPresentationCompiler$ - Ignoring InterruptException
2017-04-14 15:59:39,054 ERROR [Text Viewer Hover Presenter] - IScalaPresentationCompiler$ - Ignoring InterruptException
2017-04-14 16:19:20,624 ERROR [Text Viewer Hover Presenter] - IScalaPresentationCompiler$ - Ignoring InterruptException
2017-04-14 16:19:20,625 ERROR [Text Viewer Hover Presenter] - IScalaPresentationCompiler$ - Ignoring InterruptException
2017-04-14 16:19:20,626 ERROR [Text Viewer Hover Presenter] - IScalaPresentationCompiler$ - Ignoring InterruptException
2017-04-14 16:38:46,921 ERROR [Text Viewer Hover Presenter] - IScalaPresentationCompiler$ - Ignoring InterruptException
2017-04-14 16:38:46,921 ERROR [Text Viewer Hover Presenter] - IScalaPresentationCompiler$ - Ignoring InterruptException
2017-04-14 16:38:46,921 ERROR [Text Viewer Hover Presenter] - IScalaPresentationCompiler$ - Ignoring InterruptException
2017-04-14 16:43:20,875 ERROR [Text Viewer Hover Presenter] - IScalaPresentationCompiler$ - Ignoring InterruptException
2017-04-14 16:43:20,988 ERROR [Text Viewer Hover Presenter] - IScalaPresentationCompiler$ - Ignoring InterruptException
2017-04-14 16:43:20,988 ERROR [Text Viewer Hover Presenter] - IScalaPresentationCompiler$ - Ignoring InterruptException
2017-04-14 16:43:20,988 ERROR [Text Viewer Hover Presenter] - IScalaPresentationCompiler$ - Ignoring InterruptException
